{"C:\\Lab Notes\\DEV001-notesNF\\src\\error-page.jsx": {"path":"C:\\Lab Notes\\DEV001-notesNF\\src\\error-page.jsx","statementMap":{"0":{"start":{"line":4,"column":16},"end":{"line":4,"column":31}},"1":{"start":{"line":5,"column":2},"end":{"line":5,"column":23}},"2":{"start":{"line":7,"column":2},"end":{"line":15,"column":4}}},"fnMap":{"0":{"name":"ErrorPage","decl":{"start":{"line":3,"column":24},"end":{"line":3,"column":33}},"loc":{"start":{"line":3,"column":36},"end":{"line":16,"column":1}},"line":3}},"branchMap":{"0":{"loc":{"start":{"line":12,"column":12},"end":{"line":12,"column":45}},"type":"binary-expr","locations":[{"start":{"line":12,"column":12},"end":{"line":12,"column":28}},{"start":{"line":12,"column":32},"end":{"line":12,"column":45}}],"line":12}},"s":{"0":0,"1":0,"2":0},"f":{"0":0},"b":{"0":[0,0]}}
,"C:\\Lab Notes\\DEV001-notesNF\\src\\main.jsx": {"path":"C:\\Lab Notes\\DEV001-notesNF\\src\\main.jsx","statementMap":{"0":{"start":{"line":13,"column":15},"end":{"line":24,"column":2}},"1":{"start":{"line":26,"column":0},"end":{"line":30,"column":2}}},"fnMap":{},"branchMap":{},"s":{"0":0,"1":0},"f":{},"b":{}}
,"C:\\Lab Notes\\DEV001-notesNF\\src\\Vistas\\wall.jsx": {"path":"C:\\Lab Notes\\DEV001-notesNF\\src\\Vistas\\wall.jsx","statementMap":{"0":{"start":{"line":16,"column":19},"end":{"line":20,"column":3}},"1":{"start":{"line":18,"column":4},"end":{"line":18,"column":62}},"2":{"start":{"line":19,"column":4},"end":{"line":19,"column":28}},"3":{"start":{"line":23,"column":34},"end":{"line":23,"column":46}},"4":{"start":{"line":26,"column":2},"end":{"line":40,"column":15}},"5":{"start":{"line":27,"column":20},"end":{"line":38,"column":5}},"6":{"start":{"line":28,"column":6},"end":{"line":37,"column":7}},"7":{"start":{"line":29,"column":30},"end":{"line":29,"column":68}},"8":{"start":{"line":30,"column":21},"end":{"line":30,"column":23}},"9":{"start":{"line":31,"column":8},"end":{"line":33,"column":10}},"10":{"start":{"line":32,"column":10},"end":{"line":32,"column":47}},"11":{"start":{"line":34,"column":8},"end":{"line":34,"column":25}},"12":{"start":{"line":36,"column":8},"end":{"line":36,"column":26}},"13":{"start":{"line":39,"column":4},"end":{"line":39,"column":13}},"14":{"start":{"line":43,"column":2},"end":{"line":72,"column":3}},"15":{"start":{"line":56,"column":10},"end":{"line":65,"column":16}}},"fnMap":{"0":{"name":"Wall","decl":{"start":{"line":10,"column":24},"end":{"line":10,"column":28}},"loc":{"start":{"line":10,"column":31},"end":{"line":73,"column":1}},"line":10},"1":{"name":"(anonymous_1)","decl":{"start":{"line":16,"column":19},"end":{"line":16,"column":20}},"loc":{"start":{"line":16,"column":49},"end":{"line":20,"column":3}},"line":16},"2":{"name":"(anonymous_2)","decl":{"start":{"line":26,"column":12},"end":{"line":26,"column":13}},"loc":{"start":{"line":26,"column":16},"end":{"line":40,"column":3}},"line":26},"3":{"name":"(anonymous_3)","decl":{"start":{"line":27,"column":20},"end":{"line":27,"column":21}},"loc":{"start":{"line":27,"column":31},"end":{"line":38,"column":5}},"line":27},"4":{"name":"(anonymous_4)","decl":{"start":{"line":31,"column":30},"end":{"line":31,"column":31}},"loc":{"start":{"line":31,"column":38},"end":{"line":33,"column":9}},"line":31},"5":{"name":"(anonymous_5)","decl":{"start":{"line":55,"column":23},"end":{"line":55,"column":24}},"loc":{"start":{"line":56,"column":10},"end":{"line":65,"column":16}},"line":56}},"branchMap":{},"s":{"0":0,"1":0,"2":0,"3":0,"4":0,"5":0,"6":0,"7":0,"8":0,"9":0,"10":0,"11":0,"12":0,"13":0,"14":0,"15":0},"f":{"0":0,"1":0,"2":0,"3":0,"4":0,"5":0},"b":{},"_coverageSchema":"1a1c01bbd47fc00a2c39e90264f33305004495a9","hash":"886fefdc9e43d38dcbdd6c454c0d1aa26e593aae"}
,"C:\\Lab Notes\\DEV001-notesNF\\src\\Vistas\\wallForm.jsx": {"path":"C:\\Lab Notes\\DEV001-notesNF\\src\\Vistas\\wallForm.jsx","statementMap":{"0":{"start":{"line":5,"column":22},"end":{"line":8,"column":3}},"1":{"start":{"line":10,"column":30},"end":{"line":10,"column":51}},"2":{"start":{"line":15,"column":23},"end":{"line":19,"column":3}},"3":{"start":{"line":16,"column":4},"end":{"line":16,"column":23}},"4":{"start":{"line":17,"column":4},"end":{"line":17,"column":27}},"5":{"start":{"line":18,"column":4},"end":{"line":18,"column":33}},"6":{"start":{"line":22,"column":28},"end":{"line":27,"column":3}},"7":{"start":{"line":23,"column":4},"end":{"line":23,"column":23}},"8":{"start":{"line":24,"column":28},"end":{"line":24,"column":36}},"9":{"start":{"line":26,"column":4},"end":{"line":26,"column":44}},"10":{"start":{"line":30,"column":19},"end":{"line":32,"column":3}},"11":{"start":{"line":34,"column":2},"end":{"line":43,"column":4}}},"fnMap":{"0":{"name":"Wallform","decl":{"start":{"line":3,"column":24},"end":{"line":3,"column":32}},"loc":{"start":{"line":3,"column":40},"end":{"line":44,"column":1}},"line":3},"1":{"name":"(anonymous_1)","decl":{"start":{"line":15,"column":23},"end":{"line":15,"column":24}},"loc":{"start":{"line":15,"column":28},"end":{"line":19,"column":3}},"line":15},"2":{"name":"(anonymous_2)","decl":{"start":{"line":22,"column":28},"end":{"line":22,"column":29}},"loc":{"start":{"line":22,"column":33},"end":{"line":27,"column":3}},"line":22}},"branchMap":{},"s":{"0":0,"1":0,"2":0,"3":0,"4":0,"5":0,"6":0,"7":0,"8":0,"9":0,"10":0,"11":0},"f":{"0":0,"1":0,"2":0},"b":{},"_coverageSchema":"1a1c01bbd47fc00a2c39e90264f33305004495a9","hash":"f23592c779773cfdb9f333d3f111a1cd1d62b585"}
,"C:\\Lab Notes\\DEV001-notesNF\\src\\components\\buttonclose.jsx": {"path":"C:\\Lab Notes\\DEV001-notesNF\\src\\components\\buttonclose.jsx","statementMap":{"0":{"start":{"line":3,"column":23},"end":{"line":4,"column":5}},"1":{"start":{"line":6,"column":4},"end":{"line":8,"column":5}}},"fnMap":{"0":{"name":"Buttonclose","decl":{"start":{"line":2,"column":24},"end":{"line":2,"column":35}},"loc":{"start":{"line":2,"column":38},"end":{"line":9,"column":3}},"line":2}},"branchMap":{},"s":{"0":0,"1":0},"f":{"0":0},"b":{},"_coverageSchema":"1a1c01bbd47fc00a2c39e90264f33305004495a9","hash":"724accef6ea7eb6d506d2b7b6b0ab4484cf6744e"}
,"C:\\Lab Notes\\DEV001-notesNF\\src\\components\\header.jsx": {"path":"C:\\Lab Notes\\DEV001-notesNF\\src\\components\\header.jsx","statementMap":{"0":{"start":{"line":3,"column":18},"end":{"line":4,"column":5}},"1":{"start":{"line":5,"column":4},"end":{"line":9,"column":5}}},"fnMap":{"0":{"name":"Header","decl":{"start":{"line":2,"column":24},"end":{"line":2,"column":30}},"loc":{"start":{"line":2,"column":33},"end":{"line":10,"column":3}},"line":2}},"branchMap":{},"s":{"0":2,"1":2},"f":{"0":2},"b":{},"_coverageSchema":"1a1c01bbd47fc00a2c39e90264f33305004495a9","hash":"ccb745e8e83c1ba995e9bde7878900d875b08120"}
,"C:\\Lab Notes\\DEV001-notesNF\\src\\firebase\\firebaseConfig.js": {"path":"C:\\Lab Notes\\DEV001-notesNF\\src\\firebase\\firebaseConfig.js","statementMap":{"0":{"start":{"line":9,"column":23},"end":{"line":16,"column":3}},"1":{"start":{"line":17,"column":21},"end":{"line":17,"column":50}},"2":{"start":{"line":18,"column":22},"end":{"line":18,"column":35}},"3":{"start":{"line":19,"column":26},"end":{"line":19,"column":50}},"4":{"start":{"line":20,"column":29},"end":{"line":20,"column":66}},"5":{"start":{"line":20,"column":35},"end":{"line":20,"column":66}},"6":{"start":{"line":21,"column":33},"end":{"line":33,"column":1}},"7":{"start":{"line":23,"column":15},"end":{"line":23,"column":24}},"8":{"start":{"line":24,"column":15},"end":{"line":24,"column":31}},"9":{"start":{"line":25,"column":0},"end":{"line":31,"column":1}},"10":{"start":{"line":26,"column":26},"end":{"line":26,"column":42}},"11":{"start":{"line":27,"column":20},"end":{"line":27,"column":30}},"12":{"start":{"line":28,"column":14},"end":{"line":28,"column":22}},"13":{"start":{"line":29,"column":2},"end":{"line":29,"column":47}},"14":{"start":{"line":30,"column":2},"end":{"line":30,"column":51}},"15":{"start":{"line":32,"column":2},"end":{"line":32,"column":23}},"16":{"start":{"line":35,"column":18},"end":{"line":35,"column":35}},"17":{"start":{"line":45,"column":25},"end":{"line":45,"column":84}},"18":{"start":{"line":45,"column":39},"end":{"line":45,"column":84}},"19":{"start":{"line":48,"column":26},"end":{"line":48,"column":65}},"20":{"start":{"line":48,"column":34},"end":{"line":48,"column":65}},"21":{"start":{"line":49,"column":23},"end":{"line":49,"column":59}},"22":{"start":{"line":49,"column":31},"end":{"line":49,"column":59}},"23":{"start":{"line":52,"column":26},"end":{"line":52,"column":87}},"24":{"start":{"line":52,"column":45},"end":{"line":52,"column":87}}},"fnMap":{"0":{"name":"(anonymous_0)","decl":{"start":{"line":20,"column":29},"end":{"line":20,"column":30}},"loc":{"start":{"line":20,"column":35},"end":{"line":20,"column":66}},"line":20},"1":{"name":"(anonymous_1)","decl":{"start":{"line":21,"column":33},"end":{"line":21,"column":34}},"loc":{"start":{"line":21,"column":39},"end":{"line":33,"column":1}},"line":21},"2":{"name":"(anonymous_2)","decl":{"start":{"line":45,"column":25},"end":{"line":45,"column":26}},"loc":{"start":{"line":45,"column":39},"end":{"line":45,"column":84}},"line":45},"3":{"name":"(anonymous_3)","decl":{"start":{"line":48,"column":26},"end":{"line":48,"column":27}},"loc":{"start":{"line":48,"column":34},"end":{"line":48,"column":65}},"line":48},"4":{"name":"(anonymous_4)","decl":{"start":{"line":49,"column":23},"end":{"line":49,"column":24}},"loc":{"start":{"line":49,"column":31},"end":{"line":49,"column":59}},"line":49},"5":{"name":"(anonymous_5)","decl":{"start":{"line":52,"column":26},"end":{"line":52,"column":27}},"loc":{"start":{"line":52,"column":45},"end":{"line":52,"column":87}},"line":52}},"branchMap":{"0":{"loc":{"start":{"line":25,"column":0},"end":{"line":31,"column":1}},"type":"if","locations":[{"start":{"line":25,"column":0},"end":{"line":31,"column":1}},{"start":{},"end":{}}],"line":25}},"s":{"0":2,"1":2,"2":2,"3":2,"4":2,"5":0,"6":2,"7":0,"8":0,"9":0,"10":0,"11":0,"12":0,"13":0,"14":0,"15":0,"16":2,"17":2,"18":0,"19":2,"20":0,"21":2,"22":0,"23":2,"24":0},"f":{"0":0,"1":0,"2":0,"3":0,"4":0,"5":0},"b":{"0":[0,0]},"_coverageSchema":"1a1c01bbd47fc00a2c39e90264f33305004495a9","hash":"912bd9e719c3fd6d1371109e4d380be12b102b3c"}
,"C:\\Lab Notes\\DEV001-notesNF\\src\\routes\\root.jsx": {"path":"C:\\Lab Notes\\DEV001-notesNF\\src\\routes\\root.jsx","statementMap":{"0":{"start":{"line":7,"column":19},"end":{"line":7,"column":32}},"1":{"start":{"line":9,"column":27},"end":{"line":21,"column":3}},"2":{"start":{"line":10,"column":2},"end":{"line":10,"column":21}},"3":{"start":{"line":11,"column":6},"end":{"line":20,"column":31}},"4":{"start":{"line":13,"column":34},"end":{"line":13,"column":54}},"5":{"start":{"line":14,"column":28},"end":{"line":14,"column":42}},"6":{"start":{"line":16,"column":10},"end":{"line":16,"column":56}},"7":{"start":{"line":17,"column":10},"end":{"line":17,"column":51}},"8":{"start":{"line":18,"column":10},"end":{"line":18,"column":36}},"9":{"start":{"line":23,"column":2},"end":{"line":38,"column":4}},"10":{"start":{"line":33,"column":69},"end":{"line":33,"column":88}}},"fnMap":{"0":{"name":"Root","decl":{"start":{"line":6,"column":24},"end":{"line":6,"column":28}},"loc":{"start":{"line":6,"column":31},"end":{"line":39,"column":1}},"line":6},"1":{"name":"(anonymous_1)","decl":{"start":{"line":9,"column":27},"end":{"line":9,"column":28}},"loc":{"start":{"line":9,"column":34},"end":{"line":21,"column":3}},"line":9},"2":{"name":"(anonymous_2)","decl":{"start":{"line":11,"column":29},"end":{"line":11,"column":30}},"loc":{"start":{"line":11,"column":38},"end":{"line":19,"column":9}},"line":11},"3":{"name":"(anonymous_3)","decl":{"start":{"line":33,"column":64},"end":{"line":33,"column":65}},"loc":{"start":{"line":33,"column":69},"end":{"line":33,"column":88}},"line":33}},"branchMap":{},"s":{"0":2,"1":2,"2":0,"3":0,"4":0,"5":0,"6":0,"7":0,"8":0,"9":2,"10":0},"f":{"0":2,"1":0,"2":0,"3":0},"b":{},"_coverageSchema":"1a1c01bbd47fc00a2c39e90264f33305004495a9","hash":"ed03de90a9a837237b1bd69fdbd051448fdc6a1a"}
}
