{"C:\\Users\\56961\\Desktop\\laboratoria\\DEV001-notesNF\\src\\error-page.jsx": {"path":"C:\\Users\\56961\\Desktop\\laboratoria\\DEV001-notesNF\\src\\error-page.jsx","statementMap":{"0":{"start":{"line":4,"column":16},"end":{"line":4,"column":31}},"1":{"start":{"line":5,"column":2},"end":{"line":5,"column":23}},"2":{"start":{"line":7,"column":2},"end":{"line":15,"column":4}}},"fnMap":{"0":{"name":"ErrorPage","decl":{"start":{"line":3,"column":24},"end":{"line":3,"column":33}},"loc":{"start":{"line":3,"column":36},"end":{"line":16,"column":1}},"line":3}},"branchMap":{"0":{"loc":{"start":{"line":12,"column":12},"end":{"line":12,"column":45}},"type":"binary-expr","locations":[{"start":{"line":12,"column":12},"end":{"line":12,"column":28}},{"start":{"line":12,"column":32},"end":{"line":12,"column":45}}],"line":12}},"s":{"0":0,"1":0,"2":0},"f":{"0":0},"b":{"0":[0,0]}}
,"C:\\Users\\56961\\Desktop\\laboratoria\\DEV001-notesNF\\src\\main.jsx": {"path":"C:\\Users\\56961\\Desktop\\laboratoria\\DEV001-notesNF\\src\\main.jsx","statementMap":{"0":{"start":{"line":13,"column":15},"end":{"line":24,"column":2}},"1":{"start":{"line":26,"column":0},"end":{"line":30,"column":2}}},"fnMap":{},"branchMap":{},"s":{"0":0,"1":0},"f":{},"b":{}}
,"C:\\Users\\56961\\Desktop\\laboratoria\\DEV001-notesNF\\src\\Vistas\\wall.jsx": {"path":"C:\\Users\\56961\\Desktop\\laboratoria\\DEV001-notesNF\\src\\Vistas\\wall.jsx","statementMap":{"0":{"start":{"line":11,"column":19},"end":{"line":15,"column":3}},"1":{"start":{"line":13,"column":4},"end":{"line":13,"column":62}},"2":{"start":{"line":14,"column":4},"end":{"line":14,"column":28}},"3":{"start":{"line":16,"column":34},"end":{"line":16,"column":46}},"4":{"start":{"line":17,"column":18},"end":{"line":28,"column":4}},"5":{"start":{"line":18,"column":4},"end":{"line":27,"column":5}},"6":{"start":{"line":19,"column":28},"end":{"line":19,"column":66}},"7":{"start":{"line":20,"column":19},"end":{"line":20,"column":21}},"8":{"start":{"line":21,"column":6},"end":{"line":23,"column":8}},"9":{"start":{"line":22,"column":8},"end":{"line":22,"column":45}},"10":{"start":{"line":24,"column":6},"end":{"line":24,"column":23}},"11":{"start":{"line":26,"column":6},"end":{"line":26,"column":24}},"12":{"start":{"line":31,"column":2},"end":{"line":34,"column":8}},"13":{"start":{"line":32,"column":4},"end":{"line":32,"column":13}},"14":{"start":{"line":38,"column":21},"end":{"line":40,"column":1}},"15":{"start":{"line":39,"column":2},"end":{"line":39,"column":40}},"16":{"start":{"line":43,"column":2},"end":{"line":72,"column":12}},"17":{"start":{"line":56,"column":10},"end":{"line":66,"column":16}},"18":{"start":{"line":61,"column":57},"end":{"line":61,"column":76}}},"fnMap":{"0":{"name":"Wall","decl":{"start":{"line":10,"column":24},"end":{"line":10,"column":28}},"loc":{"start":{"line":10,"column":31},"end":{"line":73,"column":11}},"line":10},"1":{"name":"(anonymous_1)","decl":{"start":{"line":11,"column":19},"end":{"line":11,"column":20}},"loc":{"start":{"line":11,"column":49},"end":{"line":15,"column":3}},"line":11},"2":{"name":"(anonymous_2)","decl":{"start":{"line":17,"column":18},"end":{"line":17,"column":19}},"loc":{"start":{"line":17,"column":29},"end":{"line":28,"column":4}},"line":17},"3":{"name":"(anonymous_3)","decl":{"start":{"line":21,"column":28},"end":{"line":21,"column":29}},"loc":{"start":{"line":21,"column":36},"end":{"line":23,"column":7}},"line":21},"4":{"name":"(anonymous_4)","decl":{"start":{"line":31,"column":12},"end":{"line":31,"column":13}},"loc":{"start":{"line":31,"column":16},"end":{"line":34,"column":3}},"line":31},"5":{"name":"(anonymous_5)","decl":{"start":{"line":38,"column":21},"end":{"line":38,"column":22}},"loc":{"start":{"line":38,"column":34},"end":{"line":40,"column":1}},"line":38},"6":{"name":"(anonymous_6)","decl":{"start":{"line":55,"column":23},"end":{"line":55,"column":24}},"loc":{"start":{"line":56,"column":10},"end":{"line":66,"column":16}},"line":56},"7":{"name":"(anonymous_7)","decl":{"start":{"line":61,"column":53},"end":{"line":61,"column":54}},"loc":{"start":{"line":61,"column":57},"end":{"line":61,"column":76}},"line":61}},"branchMap":{},"s":{"0":0,"1":0,"2":0,"3":0,"4":0,"5":0,"6":0,"7":0,"8":0,"9":0,"10":0,"11":0,"12":0,"13":0,"14":0,"15":0,"16":0,"17":0,"18":0},"f":{"0":0,"1":0,"2":0,"3":0,"4":0,"5":0,"6":0,"7":0},"b":{}}
,"C:\\Users\\56961\\Desktop\\laboratoria\\DEV001-notesNF\\src\\Vistas\\wallForm.jsx": {"path":"C:\\Users\\56961\\Desktop\\laboratoria\\DEV001-notesNF\\src\\Vistas\\wallForm.jsx","statementMap":{"0":{"start":{"line":5,"column":22},"end":{"line":8,"column":3}},"1":{"start":{"line":10,"column":30},"end":{"line":10,"column":51}},"2":{"start":{"line":15,"column":23},"end":{"line":19,"column":3}},"3":{"start":{"line":16,"column":4},"end":{"line":16,"column":23}},"4":{"start":{"line":17,"column":4},"end":{"line":17,"column":27}},"5":{"start":{"line":18,"column":4},"end":{"line":18,"column":33}},"6":{"start":{"line":22,"column":28},"end":{"line":27,"column":3}},"7":{"start":{"line":23,"column":4},"end":{"line":23,"column":23}},"8":{"start":{"line":24,"column":28},"end":{"line":24,"column":36}},"9":{"start":{"line":26,"column":4},"end":{"line":26,"column":44}},"10":{"start":{"line":30,"column":19},"end":{"line":32,"column":3}},"11":{"start":{"line":34,"column":2},"end":{"line":43,"column":4}}},"fnMap":{"0":{"name":"Wallform","decl":{"start":{"line":3,"column":24},"end":{"line":3,"column":32}},"loc":{"start":{"line":3,"column":40},"end":{"line":44,"column":1}},"line":3},"1":{"name":"(anonymous_1)","decl":{"start":{"line":15,"column":23},"end":{"line":15,"column":24}},"loc":{"start":{"line":15,"column":28},"end":{"line":19,"column":3}},"line":15},"2":{"name":"(anonymous_2)","decl":{"start":{"line":22,"column":28},"end":{"line":22,"column":29}},"loc":{"start":{"line":22,"column":33},"end":{"line":27,"column":3}},"line":22}},"branchMap":{},"s":{"0":0,"1":0,"2":0,"3":0,"4":0,"5":0,"6":0,"7":0,"8":0,"9":0,"10":0,"11":0},"f":{"0":0,"1":0,"2":0},"b":{}}
,"C:\\Users\\56961\\Desktop\\laboratoria\\DEV001-notesNF\\src\\components\\buttonclose.jsx": {"path":"C:\\Users\\56961\\Desktop\\laboratoria\\DEV001-notesNF\\src\\components\\buttonclose.jsx","statementMap":{"0":{"start":{"line":3,"column":23},"end":{"line":4,"column":5}},"1":{"start":{"line":6,"column":4},"end":{"line":8,"column":5}}},"fnMap":{"0":{"name":"Buttonclose","decl":{"start":{"line":2,"column":24},"end":{"line":2,"column":35}},"loc":{"start":{"line":2,"column":38},"end":{"line":9,"column":3}},"line":2}},"branchMap":{},"s":{"0":0,"1":0},"f":{"0":0},"b":{}}
,"C:\\Users\\56961\\Desktop\\laboratoria\\DEV001-notesNF\\src\\components\\header.jsx": {"path":"C:\\Users\\56961\\Desktop\\laboratoria\\DEV001-notesNF\\src\\components\\header.jsx","statementMap":{"0":{"start":{"line":3,"column":18},"end":{"line":4,"column":5}},"1":{"start":{"line":5,"column":4},"end":{"line":9,"column":5}}},"fnMap":{"0":{"name":"Header","decl":{"start":{"line":2,"column":24},"end":{"line":2,"column":30}},"loc":{"start":{"line":2,"column":33},"end":{"line":10,"column":3}},"line":2}},"branchMap":{},"s":{"0":6,"1":6},"f":{"0":6},"b":{},"_coverageSchema":"1a1c01bbd47fc00a2c39e90264f33305004495a9","hash":"8f23b6a1c469b889c9f9d611edf20947a55dda96"}
,"C:\\Users\\56961\\Desktop\\laboratoria\\DEV001-notesNF\\src\\firebase\\firebaseConfig.js": {"path":"C:\\Users\\56961\\Desktop\\laboratoria\\DEV001-notesNF\\src\\firebase\\firebaseConfig.js","statementMap":{"0":{"start":{"line":9,"column":23},"end":{"line":16,"column":3}},"1":{"start":{"line":17,"column":21},"end":{"line":17,"column":50}},"2":{"start":{"line":18,"column":22},"end":{"line":18,"column":35}},"3":{"start":{"line":19,"column":26},"end":{"line":19,"column":50}},"4":{"start":{"line":21,"column":33},"end":{"line":23,"column":3}},"5":{"start":{"line":22,"column":4},"end":{"line":22,"column":43}},"6":{"start":{"line":27,"column":18},"end":{"line":27,"column":35}},"7":{"start":{"line":37,"column":25},"end":{"line":37,"column":84}},"8":{"start":{"line":37,"column":39},"end":{"line":37,"column":84}},"9":{"start":{"line":40,"column":26},"end":{"line":40,"column":65}},"10":{"start":{"line":40,"column":34},"end":{"line":40,"column":65}},"11":{"start":{"line":41,"column":23},"end":{"line":41,"column":59}},"12":{"start":{"line":41,"column":31},"end":{"line":41,"column":59}},"13":{"start":{"line":44,"column":26},"end":{"line":44,"column":87}},"14":{"start":{"line":44,"column":45},"end":{"line":44,"column":87}}},"fnMap":{"0":{"name":"(anonymous_0)","decl":{"start":{"line":21,"column":33},"end":{"line":21,"column":34}},"loc":{"start":{"line":21,"column":39},"end":{"line":23,"column":3}},"line":21},"1":{"name":"(anonymous_1)","decl":{"start":{"line":37,"column":25},"end":{"line":37,"column":26}},"loc":{"start":{"line":37,"column":39},"end":{"line":37,"column":84}},"line":37},"2":{"name":"(anonymous_2)","decl":{"start":{"line":40,"column":26},"end":{"line":40,"column":27}},"loc":{"start":{"line":40,"column":34},"end":{"line":40,"column":65}},"line":40},"3":{"name":"(anonymous_3)","decl":{"start":{"line":41,"column":23},"end":{"line":41,"column":24}},"loc":{"start":{"line":41,"column":31},"end":{"line":41,"column":59}},"line":41},"4":{"name":"(anonymous_4)","decl":{"start":{"line":44,"column":26},"end":{"line":44,"column":27}},"loc":{"start":{"line":44,"column":45},"end":{"line":44,"column":87}},"line":44}},"branchMap":{},"s":{"0":0,"1":0,"2":0,"3":0,"4":0,"5":0,"6":0,"7":0,"8":0,"9":0,"10":0,"11":0,"12":0,"13":0,"14":0},"f":{"0":0,"1":0,"2":0,"3":0,"4":0},"b":{}}
,"C:\\Users\\56961\\Desktop\\laboratoria\\DEV001-notesNF\\src\\routes\\root.jsx": {"path":"C:\\Users\\56961\\Desktop\\laboratoria\\DEV001-notesNF\\src\\routes\\root.jsx","statementMap":{"0":{"start":{"line":8,"column":19},"end":{"line":8,"column":32}},"1":{"start":{"line":10,"column":27},"end":{"line":23,"column":3}},"2":{"start":{"line":12,"column":2},"end":{"line":12,"column":21}},"3":{"start":{"line":13,"column":6},"end":{"line":22,"column":31}},"4":{"start":{"line":14,"column":32},"end":{"line":14,"column":52}},"5":{"start":{"line":15,"column":26},"end":{"line":15,"column":40}},"6":{"start":{"line":17,"column":8},"end":{"line":17,"column":54}},"7":{"start":{"line":18,"column":8},"end":{"line":18,"column":49}},"8":{"start":{"line":20,"column":10},"end":{"line":20,"column":36}},"9":{"start":{"line":25,"column":2},"end":{"line":40,"column":4}},"10":{"start":{"line":35,"column":69},"end":{"line":35,"column":88}}},"fnMap":{"0":{"name":"Root","decl":{"start":{"line":7,"column":24},"end":{"line":7,"column":28}},"loc":{"start":{"line":7,"column":31},"end":{"line":41,"column":1}},"line":7},"1":{"name":"(anonymous_1)","decl":{"start":{"line":10,"column":27},"end":{"line":10,"column":28}},"loc":{"start":{"line":10,"column":34},"end":{"line":23,"column":3}},"line":10},"2":{"name":"(anonymous_2)","decl":{"start":{"line":13,"column":29},"end":{"line":13,"column":30}},"loc":{"start":{"line":13,"column":38},"end":{"line":21,"column":9}},"line":13},"3":{"name":"(anonymous_3)","decl":{"start":{"line":35,"column":64},"end":{"line":35,"column":65}},"loc":{"start":{"line":35,"column":69},"end":{"line":35,"column":88}},"line":35}},"branchMap":{},"s":{"0":6,"1":6,"2":1,"3":1,"4":1,"5":1,"6":1,"7":1,"8":1,"9":6,"10":1},"f":{"0":6,"1":1,"2":1,"3":1},"b":{},"_coverageSchema":"1a1c01bbd47fc00a2c39e90264f33305004495a9","hash":"107eeb3ab9fc74550237cefc3b73ebefcab23fbd"}
}
