TN:
SF:src\error-page.jsx
FN:3,ErrorPage
FNF:1
FNH:0
FNDA:0,ErrorPage
DA:4,0
DA:5,0
DA:7,0
LF:3
LH:0
BRDA:12,0,0,0
BRDA:12,0,1,0
BRF:2
BRH:0
end_of_record
TN:
SF:src\main.jsx
FNF:0
FNH:0
DA:13,0
DA:26,0
LF:2
LH:0
BRF:0
BRH:0
end_of_record
TN:
SF:src\Vistas\wall.jsx
FN:10,Wall
FN:11,(anonymous_1)
FN:17,(anonymous_2)
FN:21,(anonymous_3)
FN:31,(anonymous_4)
FN:38,(anonymous_5)
FN:55,(anonymous_6)
FN:61,(anonymous_7)
FNF:8
FNH:0
FNDA:0,Wall
FNDA:0,(anonymous_1)
FNDA:0,(anonymous_2)
FNDA:0,(anonymous_3)
FNDA:0,(anonymous_4)
FNDA:0,(anonymous_5)
FNDA:0,(anonymous_6)
FNDA:0,(anonymous_7)
DA:11,0
DA:13,0
DA:14,0
DA:16,0
DA:17,0
DA:18,0
DA:19,0
DA:20,0
DA:21,0
DA:22,0
DA:24,0
DA:26,0
DA:31,0
DA:32,0
DA:38,0
DA:39,0
DA:43,0
DA:56,0
DA:61,0
LF:19
LH:0
BRF:0
BRH:0
end_of_record
TN:
SF:src\Vistas\wallForm.jsx
FN:3,Wallform
FN:15,(anonymous_1)
FN:22,(anonymous_2)
FNF:3
FNH:0
FNDA:0,Wallform
FNDA:0,(anonymous_1)
FNDA:0,(anonymous_2)
DA:5,0
DA:10,0
DA:15,0
DA:16,0
DA:17,0
DA:18,0
DA:22,0
DA:23,0
DA:24,0
DA:26,0
DA:30,0
DA:34,0
LF:12
LH:0
BRF:0
BRH:0
end_of_record
TN:
SF:src\components\buttonclose.jsx
FN:2,Buttonclose
FNF:1
FNH:0
FNDA:0,Buttonclose
DA:3,0
DA:6,0
LF:2
LH:0
BRF:0
BRH:0
end_of_record
TN:
SF:src\components\header.jsx
FN:2,Header
FNF:1
FNH:1
FNDA:6,Header
DA:3,6
DA:5,6
LF:2
LH:2
BRF:0
BRH:0
end_of_record
TN:
SF:src\firebase\firebaseConfig.js
FN:21,(anonymous_0)
FN:37,(anonymous_1)
FN:40,(anonymous_2)
FN:41,(anonymous_3)
FN:44,(anonymous_4)
FNF:5
FNH:0
FNDA:0,(anonymous_0)
FNDA:0,(anonymous_1)
FNDA:0,(anonymous_2)
FNDA:0,(anonymous_3)
FNDA:0,(anonymous_4)
DA:9,0
DA:17,0
DA:18,0
DA:19,0
DA:21,0
DA:22,0
DA:27,0
DA:37,0
DA:40,0
DA:41,0
DA:44,0
LF:11
LH:0
BRF:0
BRH:0
end_of_record
TN:
SF:src\routes\root.jsx
FN:7,Root
FN:10,(anonymous_1)
FN:13,(anonymous_2)
FN:35,(anonymous_3)
FNF:4
FNH:4
FNDA:6,Root
FNDA:1,(anonymous_1)
FNDA:1,(anonymous_2)
FNDA:1,(anonymous_3)
DA:8,6
DA:10,6
DA:12,1
DA:13,1
DA:14,1
DA:15,1
DA:17,1
DA:18,1
DA:20,1
DA:25,6
DA:35,1
LF:11
LH:11
BRF:0
BRH:0
end_of_record
